0 verbose cli /usr/local/bin/node /usr/local/bin/npm
1 info using npm@8.11.0
2 info using node@v16.16.0
3 timing npm:load:whichnode Completed in 1ms
4 timing config:load:defaults Completed in 4ms
5 timing config:load:file:/usr/local/lib/node_modules/npm/npmrc Completed in 2ms
6 timing config:load:builtin Completed in 2ms
7 timing config:load:cli Completed in 7ms
8 timing config:load:env Completed in 1ms
9 timing config:load:file:/data/.npmrc Completed in 3ms
10 timing config:load:project Completed in 37ms
11 timing config:load:file:/usr/src/node-red/.npmrc Completed in 1ms
12 timing config:load:user Completed in 2ms
13 timing config:load:file:/usr/local/etc/npmrc Completed in 8ms
14 timing config:load:global Completed in 10ms
15 timing config:load:validate Completed in 1ms
16 timing config:load:credentials Completed in 2ms
17 timing config:load:setEnvs Completed in 2ms
18 timing config:load Completed in 71ms
19 timing npm:load:configload Completed in 71ms
20 timing npm:load:mkdirpcache Completed in 8ms
21 timing npm:load:mkdirplogs Completed in 3ms
22 verbose title npm remove node-red-contrib-telegrambot
23 verbose argv "remove" "--no-audit" "--no-update-notifier" "--no-fund" "--save" "node-red-contrib-telegrambot"
24 timing npm:load:setTitle Completed in 3ms
25 timing config:load:flatten Completed in 8ms
26 timing npm:load:display Completed in 12ms
27 verbose logfile logs-max:10 dir:/data/.npm/_logs
28 verbose logfile /data/.npm/_logs/2022-08-31T07_10_16_687Z-debug-0.log
29 timing npm:load:logFile Completed in 1271ms
30 timing npm:load:timers Completed in 1ms
31 timing npm:load:configScope Completed in 2ms
32 timing npm:load Completed in 1389ms
33 timing arborist:ctor Completed in 2ms
34 silly logfile start cleaning logs, removing 9 files
35 timing idealTree:init Completed in 4862ms
36 timing idealTree:userRequests Completed in 10ms
37 silly idealTree buildDeps
38 timing idealTree:#root Completed in 5ms
39 timing idealTree:buildDeps Completed in 30ms
40 timing idealTree:fixDepFlags Completed in 105ms
41 timing idealTree Completed in 5090ms
42 silly logfile done cleaning log files
43 timing arborist:ctor Completed in 1ms
44 timing reify:loadTrees Completed in 9563ms
45 timing reify:diffTrees Completed in 904ms
46 silly reify mark retired [ '/data/node_modules/node-red-contrib-telegrambot' ]
47 silly reify mark retired [ '/data/node_modules/socks-proxy-agent' ]
48 silly reify moves {
48 silly reify   '/data/node_modules/node-red-contrib-telegrambot': '/data/node_modules/.node-red-contrib-telegrambot-B71acOxW',
48 silly reify   '/data/node_modules/socks-proxy-agent': '/data/node_modules/.socks-proxy-agent-cMunNzIP'
48 silly reify }
49 timing reify:retireShallow Completed in 54ms
50 timing reify:createSparse Completed in 223ms
51 timing reify:loadBundles Completed in 0ms
52 verbose reify failed optional dependency /data/node_modules/fsevents
53 silly reify mark deleted [ '/data/node_modules/fsevents' ]
54 verbose reify failed optional dependency /data/node_modules/watchpack-chokidar2/node_modules/fsevents
55 silly reify mark deleted [ '/data/node_modules/watchpack-chokidar2/node_modules/fsevents' ]
56 verbose reify failed optional dependency /data/node_modules/bindings
57 silly reify mark deleted [ '/data/node_modules/bindings' ]
58 verbose reify failed optional dependency /data/node_modules/nan
59 silly reify mark deleted [ '/data/node_modules/nan' ]
60 verbose reify failed optional dependency /data/node_modules/bindings/node_modules/file-uri-to-path
61 silly reify mark deleted [ '/data/node_modules/bindings/node_modules/file-uri-to-path' ]
62 timing reifyNode:node_modules/fsevents Completed in 66ms
63 timing reifyNode:node_modules/watchpack-chokidar2/node_modules/fsevents Completed in 68ms
64 timing reifyNode:node_modules/bindings Completed in 431ms
65 timing reifyNode:node_modules/bindings/node_modules/file-uri-to-path Completed in 545ms
66 timing reifyNode:node_modules/nan Completed in 1026ms
67 timing reify:unpack Completed in 1030ms
68 timing reify:unretire Completed in 1ms
69 timing build:queue Completed in 12ms
70 timing build:deps Completed in 18ms
71 timing build Completed in 23ms
72 timing reify:build Completed in 32ms
73 timing reify:trash Completed in 1970ms
74 timing reify:save Completed in 1143ms
75 timing reify Completed in 16069ms
76 silly ADD
77 silly ADD
78 silly ADD
79 silly ADD node_modules/file-uri-to-path
80 silly ADD
81 silly REMOVE node_modules/socks-proxy-agent
82 silly REMOVE node_modules/socks-proxy-agent/node_modules/ms
83 silly REMOVE node_modules/socks-proxy-agent/node_modules/debug
84 silly REMOVE node_modules/node-red-contrib-telegrambot
85 timing command:remove Completed in 16105ms
86 verbose exit 0
87 timing npm Completed in 18034ms
88 info ok
